[1016/000109.028:ERROR:directory_reader_win.cc(43)] FindFirstFile: The system cannot find the path specified. (0x3)
[1017/162916.404:ERROR:process_memory_win.cc(73)] ReadMemory at 0xfd0000 of 64 bytes failed: Only part of a ReadProcessMemory or WriteProcessMemory request was completed. (0x12B)
[1017/162916.685:WARNING:pe_image_reader.cc(340)] could not read dos header from C:\Program Files\Google\Chrome\Application\chrome.exe
[1017/162916.685:ERROR:process_memory_win.cc(73)] ReadMemory at 0x770f0000 of 64 bytes failed: Only part of a ReadProcessMemory or WriteProcessMemory request was completed. (0x12B)
[1017/162916.685:WARNING:pe_image_reader.cc(340)] could not read dos header from C:\Windows\SYSTEM32\ntdll.dll
[1017/162916.685:ERROR:process_memory_win.cc(73)] ReadMemory at 0x75a70000 of 64 bytes failed: Only part of a ReadProcessMemory or WriteProcessMemory request was completed. (0x12B)
[1017/162916.685:WARNING:pe_image_reader.cc(340)] could not read dos header from C:\Windows\system32\KERNEL32.DLL
[1017/162916.685:ERROR:process_memory_win.cc(73)] ReadMemory at 0x74b60000 of 64 bytes failed: Only part of a ReadProcessMemory or WriteProcessMemory request was completed. (0x12B)
[1017/162916.685:WARNING:pe_image_reader.cc(340)] could not read dos header from C:\Windows\system32\KERNELBASE.dll
[1017/162916.685:ERROR:process_memory_win.cc(73)] ReadMemory at 0x67980000 of 64 bytes failed: Only part of a ReadProcessMemory or WriteProcessMemory request was completed. (0x12B)
[1017/162916.685:WARNING:pe_image_reader.cc(340)] could not read dos header from C:\Program Files\Google\Chrome\Application\86.0.4240.75\chrome_elf.dll
[1017/162916.685:ERROR:process_memory_win.cc(73)] ReadMemory at 0x706a0000 of 64 bytes failed: Only part of a ReadProcessMemory or WriteProcessMemory request was completed. (0x12B)
[1017/162916.685:WARNING:pe_image_reader.cc(340)] could not read dos header from C:\Windows\SYSTEM32\VERSION.dll
[1017/162916.685:ERROR:process_memory_win.cc(73)] ReadMemory at 0x75b70000 of 64 bytes failed: Only part of a ReadProcessMemory or WriteProcessMemory request was completed. (0x12B)
[1017/162916.685:WARNING:pe_image_reader.cc(340)] could not read dos header from C:\Windows\system32\msvcrt.dll
[1017/162916.685:ERROR:process_memory_win.cc(73)] ReadMemory at 0x71280000 of 64 bytes failed: Only part of a ReadProcessMemory or WriteProcessMemory request was completed. (0x12B)
[1017/162916.685:WARNING:pe_image_reader.cc(340)] could not read dos header from C:\Windows\SYSTEM32\WINMM.dll
[1017/162916.685:ERROR:process_memory_win.cc(73)] ReadMemory at 0x711d0000 of 64 bytes failed: Only part of a ReadProcessMemory or WriteProcessMemory request was completed. (0x12B)
[1017/162916.685:WARNING:pe_image_reader.cc(340)] could not read dos header from C:\Windows\SYSTEM32\WINMMBASE.dll
[1017/162916.685:ERROR:process_memory_win.cc(73)] ReadMemory at 0x75c40000 of 64 bytes failed: Only part of a ReadProcessMemory or WriteProcessMemory request was completed. (0x12B)
[1017/162916.685:WARNING:pe_image_reader.cc(340)] could not read dos header from C:\Windows\system32\USER32.dll
[1017/162916.685:ERROR:process_memory_win.cc(73)] ReadMemory at 0x74c40000 of 64 bytes failed: Only part of a ReadProcessMemory or WriteProcessMemory request was completed. (0x12B)
[1017/162916.685:WARNING:pe_image_reader.cc(340)] could not read dos header from C:\Windows\SYSTEM32\cfgmgr32.dll
[1017/162916.685:ERROR:process_memory_win.cc(73)] ReadMemory at 0x739a0000 of 64 bytes failed: Only part of a ReadProcessMemory or WriteProcessMemory request was completed. (0x12B)
[1017/162916.685:WARNING:pe_image_reader.cc(340)] could not read dos header from C:\Windows\SYSTEM32\DEVOBJ.dll
[1017/162916.685:ERROR:process_memory_win.cc(73)] ReadMemory at 0x74e80000 of 64 bytes failed: Only part of a ReadProcessMemory or WriteProcessMemory request was completed. (0x12B)
[1017/162916.685:WARNING:pe_image_reader.cc(340)] could not read dos header from C:\Windows\system32\GDI32.dll
[1017/162916.685:ERROR:process_memory_win.cc(73)] ReadMemory at 0x75e10000 of 64 bytes failed: Only part of a ReadProcessMemory or WriteProcessMemory request was completed. (0x12B)
[1017/162916.685:WARNING:pe_image_reader.cc(340)] could not read dos header from C:\Windows\system32\IMM32.DLL
[1017/162916.685:ERROR:process_memory_win.cc(73)] ReadMemory at 0x74d10000 of 64 bytes failed: Only part of a ReadProcessMemory or WriteProcessMemory request was completed. (0x12B)
[1017/162916.685:WARNING:pe_image_reader.cc(340)] could not read dos header from C:\Windows\system32\MSCTF.dll
[1017/162916.685:ERROR:process_memory_win.cc(73)] ReadMemory at 0x75810000 of 64 bytes failed: Only part of a ReadProcessMemory or WriteProcessMemory request was completed. (0x12B)
[1017/162916.685:WARNING:pe_image_reader.cc(340)] could not read dos header from C:\Windows\system32\ADVAPI32.dll
[1017/162916.685:ERROR:process_memory_win.cc(73)] ReadMemory at 0x74fa0000 of 64 bytes failed: Only part of a ReadProcessMemory or WriteProcessMemory request was completed. (0x12B)
[1017/162916.685:WARNING:pe_image_reader.cc(340)] could not read dos header from C:\Windows\SYSTEM32\sechost.dll
[1017/162916.685:ERROR:process_memory_win.cc(73)] ReadMemory at 0x75680000 of 64 bytes failed: Only part of a ReadProcessMemory or WriteProcessMemory request was completed. (0x12B)
[1017/162916.685:WARNING:pe_image_reader.cc(340)] could not read dos header from C:\Windows\system32\RPCRT4.dll
[1017/162916.685:ERROR:process_memory_win.cc(73)] ReadMemory at 0xf170000 of 64 bytes failed: Only part of a ReadProcessMemory or WriteProcessMemory request was completed. (0x12B)
[1017/162916.685:WARNING:pe_image_reader.cc(340)] could not read dos header from C:\Program Files\Google\Chrome\Application\86.0.4240.75\chrome.dll
[1017/162916.685:ERROR:process_memory_win.cc(73)] ReadMemory at 0x67130000 of 64 bytes failed: Only part of a ReadProcessMemory or WriteProcessMemory request was completed. (0x12B)
[1017/162916.685:WARNING:pe_image_reader.cc(340)] could not read dos header from C:\Windows\SYSTEM32\dbghelp.dll
[1017/162916.685:ERROR:process_memory_win.cc(73)] ReadMemory at 0x74e30000 of 64 bytes failed: Only part of a ReadProcessMemory or WriteProcessMemory request was completed. (0x12B)
[1017/162916.685:WARNING:pe_image_reader.cc(340)] could not read dos header from C:\Windows\system32\WS2_32.dll
[1017/162916.685:ERROR:process_memory_win.cc(73)] ReadMemory at 0x71830000 of 64 bytes failed: Only part of a ReadProcessMemory or WriteProcessMemory request was completed. (0x12B)
[1017/162916.685:WARNING:pe_image_reader.cc(340)] could not read dos header from C:\Windows\SYSTEM32\IPHLPAPI.DLL
[1017/162916.685:ERROR:process_memory_win.cc(73)] ReadMemory at 0x75540000 of 64 bytes failed: Only part of a ReadProcessMemory or WriteProcessMemory request was completed. (0x12B)
[1017/162916.685:WARNING:pe_image_reader.cc(340)] could not read dos header from C:\Windows\system32\OLEAUT32.dll
[1017/162916.685:ERROR:process_memory_win.cc(73)] ReadMemory at 0x72420000 of 64 bytes failed: Only part of a ReadProcessMemory or WriteProcessMemory request was completed. (0x12B)
[1017/162916.685:WARNING:pe_image_reader.cc(340)] could not read dos header from C:\Windows\SYSTEM32\UIAutomationCore.DLL
[1017/162916.685:ERROR:process_memory_win.cc(73)] ReadMemory at 0x6ca10000 of 64 bytes failed: Only part of a ReadProcessMemory or WriteProcessMemory request was completed. (0x12B)
[1017/162916.685:WARNING:pe_image_reader.cc(340)] could not read dos header from C:\Windows\SYSTEM32\Secur32.dll
[1017/162916.685:ERROR:process_memory_win.cc(73)] ReadMemory at 0x740c0000 of 64 bytes failed: Only part of a ReadProcessMemory or WriteProcessMemory request was completed. (0x12B)
[1017/162916.685:WARNING:pe_image_reader.cc(340)] could not read dos header from C:\Windows\SYSTEM32\USERENV.dll
[1017/162916.685:ERROR:process_memory_win.cc(73)] ReadMemory at 0x74b20000 of 64 bytes failed: Only part of a ReadProcessMemory or WriteProcessMemory request was completed. (0x12B)
[1017/162916.685:WARNING:pe_image_reader.cc(340)] could not read dos header from C:\Windows\system32\WINTRUST.dll
[1017/162916.685:ERROR:process_memory_win.cc(73)] ReadMemory at 0x74990000 of 64 bytes failed: Only part of a ReadProcessMemory or WriteProcessMemory request was completed. (0x12B)
[1017/162916.685:WARNING:pe_image_reader.cc(340)] could not read dos header from C:\Windows\system32\CRYPT32.dll
[1017/162916.685:ERROR:process_memory_win.cc(73)] ReadMemory at 0x71530000 of 64 bytes failed: Only part of a ReadProcessMemory or WriteProcessMemory request was completed. (0x12B)
[1017/162916.685:WARNING:pe_image_reader.cc(340)] could not read dos header from C:\Windows\SYSTEM32\DWrite.dll
[1017/162916.685:ERROR:process_memory_win.cc(73)] ReadMemory at 0x6b360000 of 64 bytes failed: Only part of a ReadProcessMemory or WriteProcessMemory request was completed. (0x12B)
[1017/162916.685:WARNING:pe_image_reader.cc(340)] could not read dos header from C:\Windows\SYSTEM32\WINSPOOL.DRV
[1017/162916.685:ERROR:process_memory_win.cc(73)] ReadMemory at 0x6fdb0000 of 64 bytes failed: Only part of a ReadProcessMemory or WriteProcessMemory request was completed. (0x12B)
[1017/162916.685:WARNING:pe_image_reader.cc(340)] could not read dos header from C:\Windows\SYSTEM32\WINHTTP.dll
[1017/162916.685:ERROR:process_memory_win.cc(73)] ReadMemory at 0x71450000 of 64 bytes failed: Only part of a ReadProcessMemory or WriteProcessMemory request was completed. (0x12B)
[1017/162916.685:WARNING:pe_image_reader.cc(340)] could not read dos header from C:\Windows\SYSTEM32\dhcpcsvc.DLL
[1017/162916.685:ERROR:process_memory_win.cc(73)] ReadMemory at 0x75760000 of 64 bytes failed: Only part of a ReadProcessMemory or WriteProcessMemory request was completed. (0x12B)
[1017/162916.685:WARNING:pe_image_reader.cc(340)] could not read dos header from C:\Windows\system32\NSI.dll
[1017/162916.685:ERROR:process_memory_win.cc(73)] ReadMemory at 0x716c0000 of 64 bytes failed: Only part of a ReadProcessMemory or WriteProcessMemory request was completed. (0x12B)
[1017/162916.685:WARNING:pe_image_reader.cc(340)] could not read dos header from C:\Windows\SYSTEM32\WINNSI.DLL
[1017/162916.685:ERROR:process_memory_win.cc(73)] ReadMemory at 0x758f0000 of 64 bytes failed: Only part of a ReadProcessMemory or WriteProcessMemory request was completed. (0x12B)
[1017/162916.685:WARNING:pe_image_reader.cc(340)] could not read dos header from C:\Windows\system32\combase.dll
[1017/162916.685:ERROR:process_memory_win.cc(73)] ReadMemory at 0x74910000 of 64 bytes failed: Only part of a ReadProcessMemory or WriteProcessMemory request was completed. (0x12B)
[1017/162916.685:WARNING:pe_image_reader.cc(340)] could not read dos header from C:\Windows\SYSTEM32\profapi.dll
[1017/162916.685:ERROR:process_memory_win.cc(73)] ReadMemory at 0x74980000 of 64 bytes failed: Only part of a ReadProcessMemory or WriteProcessMemory request was completed. (0x12B)
[1017/162916.685:WARNING:pe_image_reader.cc(340)] could not read dos header from C:\Windows\system32\MSASN1.dll
[1017/162916.685:ERROR:process_memory_win.cc(73)] ReadMemory at 0x74790000 of 64 bytes failed: Only part of a ReadProcessMemory or WriteProcessMemory request was completed. (0x12B)
[1017/162916.685:WARNING:pe_image_reader.cc(340)] could not read dos header from C:\Windows\SYSTEM32\SSPICLI.DLL
[1017/162916.685:ERROR:process_memory_win.cc(73)] ReadMemory at 0x74820000 of 64 bytes failed: Only part of a ReadProcessMemory or WriteProcessMemory request was completed. (0x12B)
[1017/162916.685:WARNING:pe_image_reader.cc(340)] could not read dos header from C:\Windows\SYSTEM32\CRYPTBASE.DLL
[1017/162916.685:ERROR:process_memory_win.cc(73)] ReadMemory at 0x747c0000 of 64 bytes failed: Only part of a ReadProcessMemory or WriteProcessMemory request was completed. (0x12B)
[1017/162916.685:WARNING:pe_image_reader.cc(340)] could not read dos header from C:\Windows\SYSTEM32\bcryptPrimitives.dll
[1017/162916.966:ERROR:process_memory_win.cc(73)] ReadMemory at 0x3331000 of 61440 bytes failed: Only part of a ReadProcessMemory or WriteProcessMemory request was completed. (0x12B)
[1017/162916.966:ERROR:process_memory_win.cc(73)] ReadMemory at 0x50ff000 of 4096 bytes failed: Only part of a ReadProcessMemory or WriteProcessMemory request was completed. (0x12B)
[1017/162916.966:ERROR:process_memory_win.cc(73)] ReadMemory at 0x52fe000 of 8192 bytes failed: Only part of a ReadProcessMemory or WriteProcessMemory request was completed. (0x12B)
[1017/162916.966:ERROR:process_memory_win.cc(73)] ReadMemory at 0x53fe000 of 8192 bytes failed: Only part of a ReadProcessMemory or WriteProcessMemory request was completed. (0x12B)
[1017/162916.966:ERROR:process_memory_win.cc(73)] ReadMemory at 0x557f000 of 4096 bytes failed: Only part of a ReadProcessMemory or WriteProcessMemory request was completed. (0x12B)
[1017/162916.966:ERROR:process_memory_win.cc(73)] ReadMemory at 0x567f000 of 4096 bytes failed: Only part of a ReadProcessMemory or WriteProcessMemory request was completed. (0x12B)
[1017/162916.966:ERROR:process_memory_win.cc(73)] ReadMemory at 0x5c7e000 of 8192 bytes failed: Only part of a ReadProcessMemory or WriteProcessMemory request was completed. (0x12B)
[1017/162916.966:ERROR:process_memory_win.cc(73)] ReadMemory at 0x5eff000 of 4096 bytes failed: Only part of a ReadProcessMemory or WriteProcessMemory request was completed. (0x12B)
[1017/162916.966:ERROR:process_memory_win.cc(73)] ReadMemory at 0x61fb000 of 20480 bytes failed: Only part of a ReadProcessMemory or WriteProcessMemory request was completed. (0x12B)
[1017/162916.966:ERROR:process_memory_win.cc(73)] ReadMemory at 0x62fe000 of 8192 bytes failed: Only part of a ReadProcessMemory or WriteProcessMemory request was completed. (0x12B)
[1017/162916.966:ERROR:process_memory_win.cc(73)] ReadMemory at 0xa93e000 of 8192 bytes failed: Only part of a ReadProcessMemory or WriteProcessMemory request was completed. (0x12B)
[1017/162916.966:ERROR:process_memory_win.cc(73)] ReadMemory at 0x51fd000 of 12288 bytes failed: Only part of a ReadProcessMemory or WriteProcessMemory request was completed. (0x12B)
[1017/162916.966:ERROR:process_memory_win.cc(73)] ReadMemory at 0xdd7f000 of 4096 bytes failed: Only part of a ReadProcessMemory or WriteProcessMemory request was completed. (0x12B)
[1017/162917.013:ERROR:process_memory_win.cc(73)] ReadMemory at 0x33b05c8 of 14538 bytes failed: Only part of a ReadProcessMemory or WriteProcessMemory request was completed. (0x12B)
[1017/162917.013:ERROR:process_memory_win.cc(73)] ReadMemory at 0x33b3ea0 of 660 bytes failed: Only part of a ReadProcessMemory or WriteProcessMemory request was completed. (0x12B)
[1017/162917.013:ERROR:process_memory_win.cc(73)] ReadMemory at 0x33b4348 of 106 bytes failed: Only part of a ReadProcessMemory or WriteProcessMemory request was completed. (0x12B)
[1017/162917.107:ERROR:process_memory_win.cc(73)] ReadMemory at 0x33b43b4 of 676 bytes failed: Only part of a ReadProcessMemory or WriteProcessMemory request was completed. (0x12B)
[1017/162917.107:ERROR:process_memory_win.cc(73)] ReadMemory at 0x33b465a of 106 bytes failed: Only part of a ReadProcessMemory or WriteProcessMemory request was completed. (0x12B)
[1017/162917.107:ERROR:process_memory_win.cc(73)] ReadMemory at 0x33b46c6 of 100 bytes failed: Only part of a ReadProcessMemory or WriteProcessMemory request was completed. (0x12B)
[1017/162917.154:ERROR:process_memory_win.cc(73)] ReadMemory at 0x33b4738 of 58 bytes failed: Only part of a ReadProcessMemory or WriteProcessMemory request was completed. (0x12B)
[1017/162917.169:ERROR:process_memory_win.cc(73)] ReadMemory at 0x33b4828 of 72 bytes failed: Only part of a ReadProcessMemory or WriteProcessMemory request was completed. (0x12B)
[1017/162917.169:ERROR:process_memory_win.cc(73)] ReadMemory at 0x33b4908 of 72 bytes failed: Only part of a ReadProcessMemory or WriteProcessMemory request was completed. (0x12B)
[1017/162917.169:ERROR:process_memory_win.cc(73)] ReadMemory at 0x33b4a38 of 112 bytes failed: Only part of a ReadProcessMemory or WriteProcessMemory request was completed. (0x12B)
[1017/162917.169:ERROR:process_memory_win.cc(73)] ReadMemory at 0x33b4d60 of 64 bytes failed: Only part of a ReadProcessMemory or WriteProcessMemory request was completed. (0x12B)
[1017/162917.169:ERROR:process_memory_win.cc(73)] ReadMemory at 0x33b4db0 of 72 bytes failed: Only part of a ReadProcessMemory or WriteProcessMemory request was completed. (0x12B)
[1017/162917.201:ERROR:process_memory_win.cc(73)] ReadMemory at 0x33b4eb8 of 140 bytes failed: Only part of a ReadProcessMemory or WriteProcessMemory request was completed. (0x12B)
[1017/162917.201:ERROR:process_memory_win.cc(73)] ReadMemory at 0x33b4f98 of 68 bytes failed: Only part of a ReadProcessMemory or WriteProcessMemory request was completed. (0x12B)
[1017/162917.201:ERROR:process_memory_win.cc(73)] ReadMemory at 0x33b4fe8 of 72 bytes failed: Only part of a ReadProcessMemory or WriteProcessMemory request was completed. (0x12B)
[1017/162917.232:ERROR:process_memory_win.cc(73)] ReadMemory at 0x33b5818 of 72 bytes failed: Only part of a ReadProcessMemory or WriteProcessMemory request was completed. (0x12B)
[1017/162917.232:ERROR:process_memory_win.cc(73)] ReadMemory at 0x33b58f8 of 72 bytes failed: Only part of a ReadProcessMemory or WriteProcessMemory request was completed. (0x12B)
[1017/162917.232:ERROR:process_memory_win.cc(73)] ReadMemory at 0x33b59d0 of 62 bytes failed: Only part of a ReadProcessMemory or WriteProcessMemory request was completed. (0x12B)
[1017/162917.232:ERROR:process_memory_win.cc(73)] ReadMemory at 0x33b5b98 of 60 bytes failed: Only part of a ReadProcessMemory or WriteProcessMemory request was completed. (0x12B)
[1017/162917.248:ERROR:process_memory_win.cc(73)] ReadMemory at 0x33b6610 of 72 bytes failed: Only part of a ReadProcessMemory or WriteProcessMemory request was completed. (0x12B)
[1017/162917.294:ERROR:process_memory_win.cc(73)] ReadMemory at 0x33c41e8 of 54 bytes failed: Only part of a ReadProcessMemory or WriteProcessMemory request was completed. (0x12B)
[1017/162917.294:ERROR:process_memory_win.cc(73)] ReadMemory at 0x33c65e8 of 72 bytes failed: Only part of a ReadProcessMemory or WriteProcessMemory request was completed. (0x12B)
[1017/162917.357:ERROR:process_memory_win.cc(73)] ReadMemory at 0x33c66c0 of 66 bytes failed: Only part of a ReadProcessMemory or WriteProcessMemory request was completed. (0x12B)
[1017/162917.404:ERROR:process_memory_win.cc(73)] ReadMemory at 0x33c6710 of 72 bytes failed: Only part of a ReadProcessMemory or WriteProcessMemory request was completed. (0x12B)
[1017/162917.482:ERROR:process_memory_win.cc(73)] ReadMemory at 0x33c67b8 of 72 bytes failed: Only part of a ReadProcessMemory or WriteProcessMemory request was completed. (0x12B)
[1017/162917.482:ERROR:process_memory_win.cc(73)] ReadMemory at 0x33c7bb0 of 72 bytes failed: Only part of a ReadProcessMemory or WriteProcessMemory request was completed. (0x12B)
[1017/162917.482:ERROR:process_memory_win.cc(73)] ReadMemory at 0x33c7ce0 of 72 bytes failed: Only part of a ReadProcessMemory or WriteProcessMemory request was completed. (0x12B)
[1017/162917.482:ERROR:process_memory_win.cc(73)] ReadMemory at 0x33c7e98 of 132 bytes failed: Only part of a ReadProcessMemory or WriteProcessMemory request was completed. (0x12B)
[1017/162917.513:ERROR:process_memory_win.cc(73)] ReadMemory at 0x33c8aa8 of 72 bytes failed: Only part of a ReadProcessMemory or WriteProcessMemory request was completed. (0x12B)
[1017/162917.513:ERROR:process_memory_win.cc(73)] ReadMemory at 0x33ca4e0 of 58 bytes failed: Only part of a ReadProcessMemory or WriteProcessMemory request was completed. (0x12B)
[1017/162917.513:ERROR:process_memory_win.cc(73)] ReadMemory at 0x33ca528 of 58 bytes failed: Only part of a ReadProcessMemory or WriteProcessMemory request was completed. (0x12B)
[1017/162917.513:ERROR:process_memory_win.cc(73)] ReadMemory at 0x33ca6d8 of 60 bytes failed: Only part of a ReadProcessMemory or WriteProcessMemory request was completed. (0x12B)
[1017/162917.560:ERROR:process_memory_win.cc(73)] ReadMemory at 0x33ca720 of 58 bytes failed: Only part of a ReadProcessMemory or WriteProcessMemory request was completed. (0x12B)
[1017/162917.560:ERROR:process_memory_win.cc(73)] ReadMemory at 0x33ca768 of 58 bytes failed: Only part of a ReadProcessMemory or WriteProcessMemory request was completed. (0x12B)
[1017/162917.560:ERROR:process_memory_win.cc(73)] ReadMemory at 0x33ca7b0 of 62 bytes failed: Only part of a ReadProcessMemory or WriteProcessMemory request was completed. (0x12B)
[1017/162917.560:ERROR:process_memory_win.cc(73)] ReadMemory at 0x33ca960 of 60 bytes failed: Only part of a ReadProcessMemory or WriteProcessMemory request was completed. (0x12B)
[1017/162917.576:ERROR:process_memory_win.cc(73)] ReadMemory at 0x33ca9a8 of 60 bytes failed: Only part of a ReadProcessMemory or WriteProcessMemory request was completed. (0x12B)
[1017/162917.607:ERROR:process_memory_win.cc(73)] ReadMemory at 0x33ca9f0 of 62 bytes failed: Only part of a ReadProcessMemory or WriteProcessMemory request was completed. (0x12B)
[1017/162917.607:ERROR:process_memory_win.cc(73)] ReadMemory at 0x33caa38 of 60 bytes failed: Only part of a ReadProcessMemory or WriteProcessMemory request was completed. (0x12B)
[1017/162917.607:ERROR:process_memory_win.cc(73)] ReadMemory at 0x33caa80 of 62 bytes failed: Only part of a ReadProcessMemory or WriteProcessMemory request was completed. (0x12B)
[1017/162917.654:ERROR:process_memory_win.cc(73)] ReadMemory at 0x33cc6f0 of 64 bytes failed: Only part of a ReadProcessMemory or WriteProcessMemory request was completed. (0x12B)
[1017/162917.654:ERROR:process_memory_win.cc(73)] ReadMemory at 0x33cc8d0 of 64 bytes failed: Only part of a ReadProcessMemory or WriteProcessMemory request was completed. (0x12B)
[1017/162917.685:ERROR:process_memory_win.cc(73)] ReadMemory at 0x33cc920 of 64 bytes failed: Only part of a ReadProcessMemory or WriteProcessMemory request was completed. (0x12B)
[1017/162917.701:ERROR:process_memory_win.cc(73)] ReadMemory at 0x33cca60 of 64 bytes failed: Only part of a ReadProcessMemory or WriteProcessMemory request was completed. (0x12B)
[1017/162917.732:ERROR:process_memory_win.cc(73)] ReadMemory at 0x33ccba0 of 64 bytes failed: Only part of a ReadProcessMemory or WriteProcessMemory request was completed. (0x12B)
[1017/162917.732:ERROR:process_memory_win.cc(73)] ReadMemory at 0x33ccbf0 of 64 bytes failed: Only part of a ReadProcessMemory or WriteProcessMemory request was completed. (0x12B)
[1017/162917.732:ERROR:process_memory_win.cc(73)] ReadMemory at 0x33ccd80 of 64 bytes failed: Only part of a ReadProcessMemory or WriteProcessMemory request was completed. (0x12B)
[1017/162917.732:ERROR:process_memory_win.cc(73)] ReadMemory at 0x33cced0 of 72 bytes failed: Only part of a ReadProcessMemory or WriteProcessMemory request was completed. (0x12B)
[1017/162917.732:ERROR:process_memory_win.cc(73)] ReadMemory at 0x33ccf78 of 80 bytes failed: Only part of a ReadProcessMemory or WriteProcessMemory request was completed. (0x12B)
[1017/162917.732:ERROR:process_memory_win.cc(73)] ReadMemory at 0x33cd010 of 72 bytes failed: Only part of a ReadProcessMemory or WriteProcessMemory request was completed. (0x12B)
[1017/162917.763:ERROR:process_memory_win.cc(73)] ReadMemory at 0x33cd0b8 of 72 bytes failed: Only part of a ReadProcessMemory or WriteProcessMemory request was completed. (0x12B)
[1017/162917.763:ERROR:process_memory_win.cc(73)] ReadMemory at 0x33cd160 of 72 bytes failed: Only part of a ReadProcessMemory or WriteProcessMemory request was completed. (0x12B)
[1017/162917.841:ERROR:process_memory_win.cc(73)] ReadMemory at 0x33cd208 of 72 bytes failed: Only part of a ReadProcessMemory or WriteProcessMemory request was completed. (0x12B)
[1017/162917.841:ERROR:process_memory_win.cc(73)] ReadMemory at 0x33cd2b0 of 72 bytes failed: Only part of a ReadProcessMemory or WriteProcessMemory request was completed. (0x12B)
[1017/162917.841:ERROR:process_memory_win.cc(73)] ReadMemory at 0x33cd358 of 72 bytes failed: Only part of a ReadProcessMemory or WriteProcessMemory request was completed. (0x12B)
[1017/162917.841:ERROR:process_memory_win.cc(73)] ReadMemory at 0x33cd400 of 72 bytes failed: Only part of a ReadProcessMemory or WriteProcessMemory request was completed. (0x12B)
[1017/162917.841:ERROR:process_memory_win.cc(73)] ReadMemory at 0x33cd4a8 of 72 bytes failed: Only part of a ReadProcessMemory or WriteProcessMemory request was completed. (0x12B)
[1017/162917.935:ERROR:process_memory_win.cc(73)] ReadMemory at 0x33cd550 of 72 bytes failed: Only part of a ReadProcessMemory or WriteProcessMemory request was completed. (0x12B)
[1017/162917.935:ERROR:process_memory_win.cc(73)] ReadMemory at 0x33cd5f8 of 72 bytes failed: Only part of a ReadProcessMemory or WriteProcessMemory request was completed. (0x12B)
[1017/162917.935:ERROR:process_memory_win.cc(73)] ReadMemory at 0x33cd6a0 of 72 bytes failed: Only part of a ReadProcessMemory or WriteProcessMemory request was completed. (0x12B)
[1017/162917.935:ERROR:process_memory_win.cc(73)] ReadMemory at 0x33cd748 of 72 bytes failed: Only part of a ReadProcessMemory or WriteProcessMemory request was completed. (0x12B)
[1017/162917.966:ERROR:process_memory_win.cc(73)] ReadMemory at 0x33cd7f0 of 72 bytes failed: Only part of a ReadProcessMemory or WriteProcessMemory request was completed. (0x12B)
[1017/162917.966:ERROR:process_memory_win.cc(73)] ReadMemory at 0x33cd898 of 72 bytes failed: Only part of a ReadProcessMemory or WriteProcessMemory request was completed. (0x12B)
[1017/162917.966:ERROR:process_memory_win.cc(73)] ReadMemory at 0x33cd940 of 72 bytes failed: Only part of a ReadProcessMemory or WriteProcessMemory request was completed. (0x12B)
[1017/162917.966:ERROR:process_memory_win.cc(73)] ReadMemory at 0x33cd9e8 of 72 bytes failed: Only part of a ReadProcessMemory or WriteProcessMemory request was completed. (0x12B)
[1017/162917.966:ERROR:process_memory_win.cc(73)] ReadMemory at 0x33cda90 of 72 bytes failed: Only part of a ReadProcessMemory or WriteProcessMemory request was completed. (0x12B)
[1017/162917.966:ERROR:process_memory_win.cc(73)] ReadMemory at 0x33cdb38 of 72 bytes failed: Only part of a ReadProcessMemory or WriteProcessMemory request was completed. (0x12B)
[1017/162917.966:ERROR:process_memory_win.cc(73)] ReadMemory at 0x33cdbe0 of 72 bytes failed: Only part of a ReadProcessMemory or WriteProcessMemory request was completed. (0x12B)
[1017/162917.966:ERROR:process_memory_win.cc(73)] ReadMemory at 0x33cdc88 of 72 bytes failed: Only part of a ReadProcessMemory or WriteProcessMemory request was completed. (0x12B)
[1017/162917.966:ERROR:process_memory_win.cc(73)] ReadMemory at 0x33cdd30 of 72 bytes failed: Only part of a ReadProcessMemory or WriteProcessMemory request was completed. (0x12B)
[1017/162917.966:ERROR:process_memory_win.cc(73)] ReadMemory at 0x33cddd8 of 72 bytes failed: Only part of a ReadProcessMemory or WriteProcessMemory request was completed. (0x12B)
[1017/162917.966:ERROR:process_memory_win.cc(73)] ReadMemory at 0x33cde80 of 72 bytes failed: Only part of a ReadProcessMemory or WriteProcessMemory request was completed. (0x12B)
[1017/162917.966:ERROR:process_memory_win.cc(73)] ReadMemory at 0x33cdf28 of 72 bytes failed: Only part of a ReadProcessMemory or WriteProcessMemory request was completed. (0x12B)
[1017/162917.966:ERROR:process_memory_win.cc(73)] ReadMemory at 0x33cefd8 of 80 bytes failed: Only part of a ReadProcessMemory or WriteProcessMemory request was completed. (0x12B)
[1017/162917.966:ERROR:process_memory_win.cc(73)] ReadMemory at 0x33cf7c8 of 60 bytes failed: Only part of a ReadProcessMemory or WriteProcessMemory request was completed. (0x12B)
[1017/162917.966:ERROR:process_memory_win.cc(73)] ReadMemory at 0x33cf858 of 62 bytes failed: Only part of a ReadProcessMemory or WriteProcessMemory request was completed. (0x12B)
[1017/162918.091:ERROR:process_memory_win.cc(73)] ReadMemory at 0x33cf8e8 of 62 bytes failed: Only part of a ReadProcessMemory or WriteProcessMemory request was completed. (0x12B)
[1017/162918.091:ERROR:process_memory_win.cc(73)] ReadMemory at 0x33cf930 of 62 bytes failed: Only part of a ReadProcessMemory or WriteProcessMemory request was completed. (0x12B)
[1017/162918.091:ERROR:process_memory_win.cc(73)] ReadMemory at 0x33cfc00 of 62 bytes failed: Only part of a ReadProcessMemory or WriteProcessMemory request was completed. (0x12B)
[1017/162918.091:ERROR:process_memory_win.cc(73)] ReadMemory at 0x33cfcd8 of 62 bytes failed: Only part of a ReadProcessMemory or WriteProcessMemory request was completed. (0x12B)
[1017/162918.091:ERROR:process_memory_win.cc(73)] ReadMemory at 0x33cfe40 of 60 bytes failed: Only part of a ReadProcessMemory or WriteProcessMemory request was completed. (0x12B)
[1017/162918.091:ERROR:process_memory_win.cc(73)] ReadMemory at 0x33cffa8 of 60 bytes failed: Only part of a ReadProcessMemory or WriteProcessMemory request was completed. (0x12B)
[1017/162918.091:ERROR:process_memory_win.cc(73)] ReadMemory at 0x33cfff0 of 62 bytes failed: Only part of a ReadProcessMemory or WriteProcessMemory request was completed. (0x12B)
[1017/162918.091:ERROR:process_memory_win.cc(73)] ReadMemory at 0x33d0510 of 512 bytes failed: Only part of a ReadProcessMemory or WriteProcessMemory request was completed. (0x12B)
[1017/162918.091:ERROR:process_memory_win.cc(73)] ReadMemory at 0x33dc640 of 512 bytes failed: Only part of a ReadProcessMemory or WriteProcessMemory request was completed. (0x12B)
[1017/162918.091:ERROR:process_memory_win.cc(73)] ReadMemory at 0x33dcbe8 of 72 bytes failed: Only part of a ReadProcessMemory or WriteProcessMemory request was completed. (0x12B)
[1017/162918.091:ERROR:process_memory_win.cc(73)] ReadMemory at 0x33dd278 of 72 bytes failed: Only part of a ReadProcessMemory or WriteProcessMemory request was completed. (0x12B)
[1017/162918.091:ERROR:process_memory_win.cc(73)] ReadMemory at 0x3400d80 of 66 bytes failed: Only part of a ReadProcessMemory or WriteProcessMemory request was completed. (0x12B)
[1017/162918.091:ERROR:process_memory_win.cc(73)] ReadMemory at 0x341d830 of 512 bytes failed: Only part of a ReadProcessMemory or WriteProcessMemory request was completed. (0x12B)
[1017/162918.170:ERROR:process_memory_win.cc(73)] ReadMemory at 0x3421218 of 512 bytes failed: Only part of a ReadProcessMemory or WriteProcessMemory request was completed. (0x12B)
[1017/162918.232:ERROR:process_memory_win.cc(73)] ReadMemory at 0x3423070 of 512 bytes failed: Only part of a ReadProcessMemory or WriteProcessMemory request was completed. (0x12B)
[1017/162918.232:ERROR:process_memory_win.cc(73)] ReadMemory at 0x34461d8 of 512 bytes failed: Only part of a ReadProcessMemory or WriteProcessMemory request was completed. (0x12B)
[1017/162918.232:ERROR:process_memory_win.cc(73)] ReadMemory at 0x11004ac6 of 512 bytes failed: Only part of a ReadProcessMemory or WriteProcessMemory request was completed. (0x12B)
[1017/162918.232:ERROR:process_memory_win.cc(73)] ReadMemory at 0x15b4e8fd of 512 bytes failed: Only part of a ReadProcessMemory or WriteProcessMemory request was completed. (0x12B)
[1017/162918.232:ERROR:process_memory_win.cc(73)] ReadMemory at 0x1632abd0 of 512 bytes failed: Only part of a ReadProcessMemory or WriteProcessMemory request was completed. (0x12B)
[1017/162918.232:ERROR:process_memory_win.cc(73)] ReadMemory at 0x47b6a0a8 of 512 bytes failed: Only part of a ReadProcessMemory or WriteProcessMemory request was completed. (0x12B)
[1017/162918.263:ERROR:process_memory_win.cc(73)] ReadMemory at 0x548d59b8 of 512 bytes failed: Only part of a ReadProcessMemory or WriteProcessMemory request was completed. (0x12B)
[1017/162918.263:ERROR:process_memory_win.cc(73)] ReadMemory at 0x548d5dd8 of 584 bytes failed: Only part of a ReadProcessMemory or WriteProcessMemory request was completed. (0x12B)
[1017/162918.263:ERROR:process_memory_win.cc(73)] ReadMemory at 0x54c9dfe0 of 512 bytes failed: Only part of a ReadProcessMemory or WriteProcessMemory request was completed. (0x12B)
[1017/162918.263:ERROR:process_memory_win.cc(73)] ReadMemory at 0x679aece0 of 512 bytes failed: Only part of a ReadProcessMemory or WriteProcessMemory request was completed. (0x12B)
[1017/162918.295:ERROR:process_memory_win.cc(73)] ReadMemory at 0x679af2d0 of 512 bytes failed: Only part of a ReadProcessMemory or WriteProcessMemory request was completed. (0x12B)
[1017/162918.295:ERROR:process_memory_win.cc(73)] ReadMemory at 0x74b62c2a of 512 bytes failed: Only part of a ReadProcessMemory or WriteProcessMemory request was completed. (0x12B)
[1017/162918.295:ERROR:process_memory_win.cc(73)] ReadMemory at 0x770f3f3c of 18 bytes failed: Only part of a ReadProcessMemory or WriteProcessMemory request was completed. (0x12B)
[1017/162918.295:ERROR:process_memory_win.cc(73)] ReadMemory at 0x7715c9f0 of 512 bytes failed: Only part of a ReadProcessMemory or WriteProcessMemory request was completed. (0x12B)
[1017/162918.295:ERROR:process_memory_win.cc(73)] ReadMemory at 0x771eb3d8 of 24 bytes failed: Only part of a ReadProcessMemory or WriteProcessMemory request was completed. (0x12B)
[1017/162918.326:ERROR:process_memory_win.cc(73)] ReadMemory at 0x771eb5b0 of 32 bytes failed: Only part of a ReadProcessMemory or WriteProcessMemory request was completed. (0x12B)
[1017/162918.357:ERROR:process_memory_win.cc(73)] ReadMemory at 0x771ed480 of 36 bytes failed: Only part of a ReadProcessMemory or WriteProcessMemory request was completed. (0x12B)
[1017/162918.357:ERROR:process_memory_win.cc(73)] ReadMemory at 0x7eedf000 of 3992 bytes failed: Only part of a ReadProcessMemory or WriteProcessMemory request was completed. (0x12B)
[1017/162918.357:ERROR:process_memory_win.cc(73)] ReadMemory at 0x7f003000 of 3992 bytes failed: Only part of a ReadProcessMemory or WriteProcessMemory request was completed. (0x12B)
[1017/162918.357:ERROR:process_memory_win.cc(73)] ReadMemory at 0x7f004000 of 3992 bytes failed: Only part of a ReadProcessMemory or WriteProcessMemory request was completed. (0x12B)
[1017/162918.357:ERROR:process_memory_win.cc(73)] ReadMemory at 0x7f005000 of 3992 bytes failed: Only part of a ReadProcessMemory or WriteProcessMemory request was completed. (0x12B)
[1017/162918.388:ERROR:process_memory_win.cc(73)] ReadMemory at 0x7f006000 of 3992 bytes failed: Only part of a ReadProcessMemory or WriteProcessMemory request was completed. (0x12B)
[1017/162918.404:ERROR:process_memory_win.cc(73)] ReadMemory at 0x7f007000 of 3992 bytes failed: Only part of a ReadProcessMemory or WriteProcessMemory request was completed. (0x12B)
[1017/162918.404:ERROR:process_memory_win.cc(73)] ReadMemory at 0x7f008000 of 3992 bytes failed: Only part of a ReadProcessMemory or WriteProcessMemory request was completed. (0x12B)
[1017/162918.404:ERROR:process_memory_win.cc(73)] ReadMemory at 0x7f009000 of 560 bytes failed: Only part of a ReadProcessMemory or WriteProcessMemory request was completed. (0x12B)
[1017/162918.404:ERROR:process_memory_win.cc(73)] ReadMemory at 0x7f00a000 of 3992 bytes failed: Only part of a ReadProcessMemory or WriteProcessMemory request was completed. (0x12B)
[1017/162918.404:ERROR:process_memory_win.cc(73)] ReadMemory at 0x7f00b000 of 3992 bytes failed: Only part of a ReadProcessMemory or WriteProcessMemory request was completed. (0x12B)
[1017/162918.404:ERROR:process_memory_win.cc(73)] ReadMemory at 0x7f00c000 of 3992 bytes failed: Only part of a ReadProcessMemory or WriteProcessMemory request was completed. (0x12B)
[1017/162918.404:ERROR:process_memory_win.cc(73)] ReadMemory at 0x7f00d000 of 3992 bytes failed: Only part of a ReadProcessMemory or WriteProcessMemory request was completed. (0x12B)
[1017/162918.404:ERROR:process_memory_win.cc(73)] ReadMemory at 0x7f00e000 of 3992 bytes failed: Only part of a ReadProcessMemory or WriteProcessMemory request was completed. (0x12B)
[1017/162918.467:ERROR:process_memory_win.cc(73)] ReadMemory at 0x7f00f000 of 3992 bytes failed: Only part of a ReadProcessMemory or WriteProcessMemory request was completed. (0x12B)
[1017/162919.056:ERROR:filesystem_win.cc(129)] GetFileAttributes C:\Users\Xyz\AppData\Local\Google\Chrome\User Data\Crashpad\attachments\9d45db6a-8bc7-47bf-9602-462eb3ad1ba7: The system cannot find the path specified. (0x3)
[1017/162918.954:ERROR:scoped_process_suspend.cc(40)] NtResumeProcess: An attempt was made to access an exiting process. (0xc000010a)
